2023-09-22 15:22:55,811 - INFO - O diretório '202309' já existe. 
2023-09-22 15:22:55,887 - INFO - Arquivo lido: I:\TI\TI_Sistemas\Rita\Comprovantes\59291534000167_F110000007_341_00912_000000005770_10052023_000013.PDF 
2023-09-22 15:24:12,789 - INFO - O diretório '202309' já existe. 
2023-09-22 15:24:12,956 - INFO - Arquivo lido: I:\TI\TI_Sistemas\Rita\Comprovantes\59291534000167_F110000007_341_00912_000000005770_10052023_000013.PDF 
2023-09-22 15:24:55,032 - INFO - FB03 - ARQUIVO ANEXADO: I:\TI\TI_Sistemas\Rita\Comprovantes\59291534000167_F110000007_341_00912_000000005770_10052023_000013.PDF 
2023-09-22 15:25:37,924 - INFO - REFX - ARQUIVO ANEXADO: I:\TI\TI_Sistemas\Rita\Comprovantes\202309\202309-RETHA GERENCIAMENTO DE OBRAS E -OUTRASDESPESAS.pdf 
2023-09-22 15:25:38,533 - INFO - Arquivo lido: I:\TI\TI_Sistemas\Rita\Comprovantes\59291534000167_F110000035_341_00912_000000005770_10052023_000009.PDF 
2023-10-02 09:02:29,042 - INFO - O diretório '202310' foi criado com sucesso. 
2023-10-02 09:02:29,743 - INFO - Arquivo lido: I:\TI\TI_Sistemas\Rita\Comprovantes\59291534000167_F110000007_341_00912_000000005770_10052023_000013.PDF 
2023-10-02 09:03:11,533 - INFO - FB03 - ARQUIVO ANEXADO: I:\TI\TI_Sistemas\Rita\Comprovantes\59291534000167_F110000007_341_00912_000000005770_10052023_000013.PDF 
2023-10-02 09:03:52,458 - INFO - REFX - ARQUIVO ANEXADO: I:\TI\TI_Sistemas\Rita\Comprovantes\202310\202310-RETHA GERENCIAMENTO DE OBRAS E -OUTRASDESPESAS.pdf 
2023-10-02 09:03:52,603 - INFO - Arquivo lido: I:\TI\TI_Sistemas\Rita\Comprovantes\59291534000167_F110000035_341_00912_000000005770_10052023_000009.PDF 
2023-10-06 17:36:39,608 - INFO - O diretório '202310' já existe. 
2023-10-06 17:36:39,832 - INFO - Arquivo lido: I:\TI\TI_Sistemas\Rita\Comprovantes\59291534000167_F110000007_341_00912_000000005770_10052023_000013.PDF 
2023-10-06 17:37:21,813 - INFO - FB03 - ARQUIVO ANEXADO: I:\TI\TI_Sistemas\Rita\Comprovantes\59291534000167_F110000007_341_00912_000000005770_10052023_000013.PDF 
2023-10-06 17:38:02,316 - INFO - REFX - ARQUIVO ANEXADO: I:\TI\TI_Sistemas\Rita\Comprovantes\202310\202310-RETHA GERENCIAMENTO DE OBRAS E -OUTRASDESPESAS.pdf 
2023-10-06 17:38:02,441 - INFO - Arquivo lido: I:\TI\TI_Sistemas\Rita\Comprovantes\59291534000167_F110000035_341_00912_000000005770_10052023_000009.PDF 
2023-10-13 08:02:53,745 - INFO - O diretório '202310' já existe. 
2023-10-13 08:02:54,599 - INFO - Arquivo lido: I:\TI\TI_Sistemas\Rita\Comprovantes\59291534000167_F110000007_341_00912_000000005770_10052023_000013.PDF 
2023-10-13 08:27:13,584 - INFO - O diretório '202310' já existe. 
2023-10-13 08:27:14,957 - INFO - Arquivo lido: I:\TI\TI_Sistemas\Rita\Comprovantes\59291534000167_F110000007_341_00912_000000005770_10052023_000013.PDF 
2023-10-13 08:28:01,561 - INFO - FB03 - ARQUIVO ANEXADO: I:\TI\TI_Sistemas\Rita\Comprovantes\59291534000167_F110000007_341_00912_000000005770_10052023_000013.PDF 
2023-10-13 08:28:43,311 - INFO - REFX - ARQUIVO ANEXADO: I:\TI\TI_Sistemas\Rita\Comprovantes\202310\202310-RETHA GERENCIAMENTO DE OBRAS E -OUTRASDESPESAS.pdf 
2023-10-13 08:28:44,068 - INFO - Arquivo lido: I:\TI\TI_Sistemas\Rita\Comprovantes\59291534000167_F110000035_341_00912_000000005770_10052023_000009.PDF 
2023-10-15 08:20:17,259 - INFO - O diretório '202310' já existe. 
2023-10-15 08:20:18,484 - INFO - Arquivo lido: I:\TI\TI_Sistemas\Rita\Comprovantes\59291534000167_F110000007_341_00912_000000005770_10052023_000013.PDF 
2023-10-15 08:22:51,701 - INFO - O diretório '202310' já existe. 
2023-10-15 08:22:52,771 - INFO - Arquivo lido: I:\TI\TI_Sistemas\Rita\Comprovantes\59291534000167_F110000007_341_00912_000000005770_10052023_000013.PDF 
2023-10-15 08:27:05,743 - INFO - O diretório '202310' já existe. 
2023-10-15 08:27:07,013 - INFO - Arquivo lido: I:\TI\TI_Sistemas\Rita\Comprovantes\59291534000167_F110000007_341_00912_000000005770_10052023_000013.PDF 
2023-10-15 08:27:56,252 - INFO - FB03 - ARQUIVO ANEXADO: I:\TI\TI_Sistemas\Rita\Comprovantes\59291534000167_F110000007_341_00912_000000005770_10052023_000013.PDF 
2023-10-15 08:28:54,523 - INFO - ANEXO NAO ENCONTRADO: I:\TI\TI_Sistemas\Rita\Comprovantes\202310\202310-RETHA GERENCIAMENTO DE OBRAS E -OUTRASDESPESAS.pdf 
2023-10-15 08:28:54,686 - INFO - REFX - ARQUIVO ANEXADO: I:\TI\TI_Sistemas\Rita\Comprovantes\202310\202310-RETHA GERENCIAMENTO DE OBRAS E -OUTRASDESPESAS.pdf 
2023-10-15 08:28:55,871 - INFO - Arquivo lido: I:\TI\TI_Sistemas\Rita\Comprovantes\59291534000167_F110000035_341_00912_000000005770_10052023_000009.PDF 
2023-10-15 08:37:51,194 - INFO - O diretório '202310' já existe. 
2023-10-15 08:37:51,926 - INFO - Arquivo lido: I:\TI\TI_Sistemas\Rita\Comprovantes\59291534000167_F110000007_341_00912_000000005770_10052023_000013.PDF 
2023-10-15 08:38:41,491 - INFO - FB03 - ARQUIVO ANEXADO: I:\TI\TI_Sistemas\Rita\Comprovantes\59291534000167_F110000007_341_00912_000000005770_10052023_000013.PDF 
2023-10-15 08:39:30,128 - INFO - ANEXO NAO ENCONTRADO: I:\TI\TI_Sistemas\Rita\Comprovantes\202310\202310-RETHA GERENCIAMENTO DE OBRAS E -OUTRASDESPESAS.pdf 
2023-10-15 08:39:33,972 - INFO - Arquivo lido: I:\TI\TI_Sistemas\Rita\Comprovantes\59291534000167_F110000035_341_00912_000000005770_10052023_000009.PDF 
2023-10-15 08:40:23,323 - INFO - FB03 - ARQUIVO ANEXADO: I:\TI\TI_Sistemas\Rita\Comprovantes\59291534000167_F110000035_341_00912_000000005770_10052023_000009.PDF 
2023-10-15 08:45:11,331 - INFO - O diretório '202310' já existe. 
2023-10-15 08:45:12,272 - INFO - Arquivo lido: I:\TI\TI_Sistemas\Rita\Comprovantes\59291534000167_F110000007_341_00912_000000005770_10052023_000013.PDF 
2023-10-15 08:48:12,491 - INFO - O diretório '202310' já existe. 
2023-10-15 08:48:13,720 - INFO - Arquivo lido: I:\TI\TI_Sistemas\Rita\Comprovantes\59291534000167_F110000007_341_00912_000000005770_10052023_000013.PDF 
2023-10-15 08:49:05,593 - INFO - FB03 - ARQUIVO ANEXADO: I:\TI\TI_Sistemas\Rita\Comprovantes\59291534000167_F110000007_341_00912_000000005770_10052023_000013.PDF 
2023-10-15 08:50:04,100 - INFO - REFX - ARQUIVO ANEXADO: I:\TI\TI_Sistemas\Rita\Comprovantes\202310\202310-RETHA GERENCIAMENTO DE OBRAS E -OUTRASDESPESAS.pdf 
2023-10-15 08:50:08,112 - INFO - Arquivo lido: I:\TI\TI_Sistemas\Rita\Comprovantes\59291534000167_F110000035_341_00912_000000005770_10052023_000009.PDF 
2023-10-15 08:50:58,908 - INFO - FB03 - ARQUIVO ANEXADO: I:\TI\TI_Sistemas\Rita\Comprovantes\59291534000167_F110000035_341_00912_000000005770_10052023_000009.PDF 
2023-10-15 08:53:11,704 - INFO - O diretório '202310' já existe. 
2023-10-15 08:53:13,297 - INFO - Arquivo lido: I:\TI\TI_Sistemas\Rita\Comprovantes\59291534000167_F110000007_341_00912_000000005770_10052023_000013.PDF 
2023-10-15 08:54:04,807 - INFO - FB03 - ARQUIVO ANEXADO: I:\TI\TI_Sistemas\Rita\Comprovantes\59291534000167_F110000007_341_00912_000000005770_10052023_000013.PDF 
2023-10-15 08:55:02,522 - INFO - REFX - ARQUIVO ANEXADO: I:\TI\TI_Sistemas\Rita\Comprovantes\202310\202310-RETHA GERENCIAMENTO DE OBRAS E -OUTRASDESPESAS.pdf 
2023-10-15 08:55:06,851 - INFO - Arquivo lido: I:\TI\TI_Sistemas\Rita\Comprovantes\59291534000167_F110000035_341_00912_000000005770_10052023_000009.PDF 
2023-10-15 08:58:17,332 - INFO - O diretório '202310' já existe. 
2023-10-15 08:58:18,484 - INFO - Arquivo lido: I:\TI\TI_Sistemas\Rita\Comprovantes\59291534000167_F110000007_341_00912_000000005770_10052023_000013.PDF 
2023-10-15 08:59:21,387 - INFO - O diretório '202310' já existe. 
2023-10-15 08:59:22,224 - INFO - Arquivo lido: I:\TI\TI_Sistemas\Rita\Comprovantes\59291534000167_F110000007_341_00912_000000005770_10052023_000013.PDF 
2023-10-15 09:00:13,873 - INFO - FB03 - ARQUIVO ANEXADO: I:\TI\TI_Sistemas\Rita\Comprovantes\59291534000167_F110000007_341_00912_000000005770_10052023_000013.PDF 
2023-10-15 09:01:13,298 - INFO - REFX - ARQUIVO ANEXADO: I:\TI\TI_Sistemas\Rita\Comprovantes\202310\202310-RETHA GERENCIAMENTO DE OBRAS E -OUTRASDESPESAS.pdf 
2023-10-15 09:01:18,877 - INFO - Arquivo lido: I:\TI\TI_Sistemas\Rita\Comprovantes\59291534000167_F110000035_341_00912_000000005770_10052023_000009.PDF 
2023-10-15 09:02:09,930 - INFO - FB03 - ARQUIVO ANEXADO: I:\TI\TI_Sistemas\Rita\Comprovantes\59291534000167_F110000035_341_00912_000000005770_10052023_000009.PDF 
2023-10-17 07:49:58,862 - INFO - O diretório '202310' já existe. 
2023-10-17 07:49:59,051 - INFO - Arquivo lido: I:\TI\TI_Sistemas\Rita\Comprovantes\59291534000167_F110000007_341_00912_000000005770_10052023_000013.PDF 
2023-10-17 07:50:49,847 - INFO - FB03 - ARQUIVO ANEXADO: I:\TI\TI_Sistemas\Rita\Comprovantes\59291534000167_F110000007_341_00912_000000005770_10052023_000013.PDF 
2023-10-17 07:51:46,065 - INFO - REFX - ARQUIVO ANEXADO: I:\TI\TI_Sistemas\Rita\Comprovantes\202310\202310-RETHA GERENCIAMENTO DE OBRAS E -OUTRASDESPESAS.pdf 
2023-10-17 08:14:29,782 - INFO - O diretório '202310' já existe. 
2023-10-17 08:14:54,746 - INFO - Arquivo lido: I:\TI\TI_Sistemas\Rita\Comprovantes\59291534000167_F110000007_341_00912_000000005770_10052023_000013.PDF 
2023-10-17 08:15:45,365 - INFO - FB03 - ARQUIVO ANEXADO: I:\TI\TI_Sistemas\Rita\Comprovantes\59291534000167_F110000007_341_00912_000000005770_10052023_000013.PDF 
2023-10-17 08:16:41,149 - INFO - REFX - ARQUIVO ANEXADO: I:\TI\TI_Sistemas\Rita\Comprovantes\202310\202310-RETHA GERENCIAMENTO DE OBRAS E -OUTRASDESPESAS.pdf 
